<?xml version="1.0" encoding="UTF-8"?>
<!-- Generated by org.testng.reporters.JUnitXMLReporter -->
<testsuite ignored="1" hostname="DESKTOP-3B05T6A" failures="0" tests="1" name="Default test" time="9.527" errors="0" timestamp="2022-09-13T14:06:53 IST">
  <testcase classname="com.Bhagyashri.TestCase" name="chkTrackOrdertooltip" time="0.089"/>
  <testcase classname="com.Bhagyashri.TestCase" name="verifyOverMousePointerIsChange" time="0.0">
    <ignored/>
  </testcase> <!-- verifyOverMousePointerIsChange -->
</testsuite> <!-- Default test -->
